<?xml version="1.0" encoding="UTF-8"?>
<!-- Generated by org.testng.reporters.JUnitReportReporter -->
<testsuite hostname="WW740L23039C" name="rafJenkins.rafhelloworld" tests="1" failures="0" timestamp="18 Jul 2016 19:33:10 GMT" time="0.020" errors="0">
  <testcase name="testPrintHelloWorld" time="0.020" classname="rafJenkins.rafhelloworld"/>
</testsuite> <!-- rafJenkins.rafhelloworld -->
